mode: count
github.com/parkghost/hiradio/client.go:53.37,54.12 1 0
github.com/parkghost/hiradio/client.go:70.2,70.18 1 0
github.com/parkghost/hiradio/client.go:55.2,56.18 1 0
github.com/parkghost/hiradio/client.go:57.2,58.24 1 0
github.com/parkghost/hiradio/client.go:59.2,60.18 1 0
github.com/parkghost/hiradio/client.go:61.2,62.18 1 0
github.com/parkghost/hiradio/client.go:63.2,64.18 1 0
github.com/parkghost/hiradio/client.go:65.2,66.24 1 0
github.com/parkghost/hiradio/client.go:67.2,68.18 1 0
github.com/parkghost/hiradio/client.go:74.52,77.16 2 2
github.com/parkghost/hiradio/client.go:81.2,84.16 4 2
github.com/parkghost/hiradio/client.go:88.2,88.18 1 2
github.com/parkghost/hiradio/client.go:106.2,106.18 1 2
github.com/parkghost/hiradio/client.go:77.16,79.3 1 0
github.com/parkghost/hiradio/client.go:84.16,86.3 1 0
github.com/parkghost/hiradio/client.go:88.18,91.34 2 1
github.com/parkghost/hiradio/client.go:94.3,95.17 2 1
github.com/parkghost/hiradio/client.go:99.3,99.36 1 1
github.com/parkghost/hiradio/client.go:91.34,93.4 1 2
github.com/parkghost/hiradio/client.go:95.17,97.4 1 0
github.com/parkghost/hiradio/client.go:99.36,101.18 2 2
github.com/parkghost/hiradio/client.go:101.18,103.5 1 0
github.com/parkghost/hiradio/client.go:124.67,127.47 3 7
github.com/parkghost/hiradio/client.go:130.2,130.16 1 7
github.com/parkghost/hiradio/client.go:127.47,129.3 1 0
github.com/parkghost/hiradio/client.go:133.63,137.16 4 13
github.com/parkghost/hiradio/client.go:140.2,142.42 2 13
github.com/parkghost/hiradio/client.go:146.2,147.22 2 13
github.com/parkghost/hiradio/client.go:137.16,139.3 1 0
github.com/parkghost/hiradio/client.go:142.42,144.3 1 0
github.com/parkghost/hiradio/client.go:155.40,159.2 1 0
github.com/parkghost/hiradio/client.go:161.44,162.45 1 13
github.com/parkghost/hiradio/client.go:166.2,167.68 2 0
github.com/parkghost/hiradio/client.go:170.2,170.16 1 0
github.com/parkghost/hiradio/client.go:162.45,164.3 1 13
github.com/parkghost/hiradio/client.go:167.68,169.3 1 0
github.com/parkghost/hiradio/client.go:173.69,174.24 1 5
github.com/parkghost/hiradio/client.go:185.2,185.17 1 5
github.com/parkghost/hiradio/client.go:174.24,175.18 1 106
github.com/parkghost/hiradio/client.go:175.18,183.4 1 105
github.com/parkghost/hiradio/client.go:188.72,192.29 4 2
github.com/parkghost/hiradio/client.go:203.2,205.6 3 2
github.com/parkghost/hiradio/client.go:192.29,193.18 1 4
github.com/parkghost/hiradio/client.go:193.18,195.18 2 4
github.com/parkghost/hiradio/client.go:199.4,199.20 1 4
github.com/parkghost/hiradio/client.go:195.18,198.5 2 0
github.com/parkghost/hiradio/client.go:205.6,206.10 1 4
github.com/parkghost/hiradio/client.go:207.3,210.15 3 4
github.com/parkghost/hiradio/client.go:214.3,215.19 1 0
github.com/parkghost/hiradio/client.go:210.15,213.5 2 2
github.com/parkghost/hiradio/client.go:228.64,230.2 1 2
github.com/parkghost/hiradio/client.go:232.66,235.46 3 2
github.com/parkghost/hiradio/client.go:239.2,239.17 1 2
github.com/parkghost/hiradio/client.go:242.2,242.15 1 2
github.com/parkghost/hiradio/client.go:235.46,237.3 1 0
github.com/parkghost/hiradio/client.go:239.17,241.3 1 0
github.com/parkghost/hiradio/client.go:268.70,270.2 1 2
github.com/parkghost/hiradio/client.go:272.72,275.47 3 2
github.com/parkghost/hiradio/client.go:279.2,279.20 1 2
github.com/parkghost/hiradio/client.go:282.2,282.16 1 2
github.com/parkghost/hiradio/client.go:275.47,277.3 1 0
github.com/parkghost/hiradio/client.go:279.20,281.3 1 0
github.com/parkghost/hiradio/client.go:298.52,300.16 2 2
github.com/parkghost/hiradio/client.go:303.2,303.21 1 2
github.com/parkghost/hiradio/client.go:300.16,302.3 1 0
github.com/parkghost/hiradio/client.go:306.59,309.47 3 2
github.com/parkghost/hiradio/client.go:312.2,312.16 1 2
github.com/parkghost/hiradio/client.go:309.47,311.3 1 0
github.com/parkghost/hiradio/client.go:316.45,322.2 5 6
github.com/parkghost/hiradio/client.go:336.40,338.2 1 1
github.com/parkghost/hiradio/client.go:341.52,343.2 1 1
github.com/parkghost/hiradio/client.go:346.58,348.2 1 1
github.com/parkghost/hiradio/client.go:351.40,353.2 1 1
